
*** Running vivado
    with args -log top.vds -m64 -product Vivado -mode batch -messageDb vivado.pb -notrace -source top.tcl



****** Vivado v2021.1 (64-bit)
  **** SW Build 3247384 on Thu Jun 10 19:36:33 MDT 2021
  **** IP Build 3246043 on Fri Jun 11 00:30:35 MDT 2021
    ** Copyright 1986-2021 Xilinx, Inc. All Rights Reserved.

source top.tcl -notrace
Command: synth_design -top top -part xc7a35tcpg236-1
Starting synth_design
Attempting to get a license for feature 'Synthesis' and/or device 'xc7a35t'
INFO: [Common 17-349] Got license for feature 'Synthesis' and/or device 'xc7a35t'
INFO: [Device 21-403] Loading part xc7a35tcpg236-1
INFO: [Synth 8-7079] Multithreading enabled for synth_design using a maximum of 2 processes.
INFO: [Synth 8-7078] Launching helper process for spawning children vivado processes
INFO: [Synth 8-7075] Helper process launched with PID 9308
---------------------------------------------------------------------------------
Starting RTL Elaboration : Time (s): cpu = 00:00:03 ; elapsed = 00:00:04 . Memory (MB): peak = 1282.996 ; gain = 0.000
---------------------------------------------------------------------------------
INFO: [Synth 8-6157] synthesizing module 'top' [D:/project1/FPGA/src/05.minsec_stopwatch/05.minsec_stopwatch.srcs/sources_1/new/top.v:3]
INFO: [Synth 8-6157] synthesizing module 'stopwatch_core' [D:/project1/FPGA/src/05.minsec_stopwatch/05.minsec_stopwatch.srcs/sources_1/new/stopwatch_core.v:3]
INFO: [Synth 8-6155] done synthesizing module 'stopwatch_core' (1#1) [D:/project1/FPGA/src/05.minsec_stopwatch/05.minsec_stopwatch.srcs/sources_1/new/stopwatch_core.v:3]
INFO: [Synth 8-6157] synthesizing module 'button_debounce' [D:/project1/FPGA/src/05.minsec_stopwatch/05.minsec_stopwatch.srcs/sources_1/imports/sources_1/imports/new/button_debounce.v:5]
INFO: [Synth 8-6155] done synthesizing module 'button_debounce' (2#1) [D:/project1/FPGA/src/05.minsec_stopwatch/05.minsec_stopwatch.srcs/sources_1/imports/sources_1/imports/new/button_debounce.v:5]
INFO: [Synth 8-6157] synthesizing module 'btn_command_controller' [D:/project1/FPGA/src/05.minsec_stopwatch/05.minsec_stopwatch.srcs/sources_1/imports/sources_1/new/btn_command_cotroller.v:3]
INFO: [Synth 8-6155] done synthesizing module 'btn_command_controller' (3#1) [D:/project1/FPGA/src/05.minsec_stopwatch/05.minsec_stopwatch.srcs/sources_1/imports/sources_1/new/btn_command_cotroller.v:3]
INFO: [Synth 8-6157] synthesizing module 'fnd_controllor' [D:/project1/FPGA/src/05.minsec_stopwatch/05.minsec_stopwatch.srcs/sources_1/imports/sources_1/new/fnd_controllor.v:4]
INFO: [Synth 8-6157] synthesizing module 'fnd_digit_select' [D:/project1/FPGA/src/05.minsec_stopwatch/05.minsec_stopwatch.srcs/sources_1/imports/sources_1/new/fnd_controllor.v:50]
INFO: [Synth 8-6155] done synthesizing module 'fnd_digit_select' (4#1) [D:/project1/FPGA/src/05.minsec_stopwatch/05.minsec_stopwatch.srcs/sources_1/imports/sources_1/new/fnd_controllor.v:50]
INFO: [Synth 8-6157] synthesizing module 'bin2bcd' [D:/project1/FPGA/src/05.minsec_stopwatch/05.minsec_stopwatch.srcs/sources_1/imports/sources_1/new/fnd_controllor.v:76]
INFO: [Synth 8-6155] done synthesizing module 'bin2bcd' (5#1) [D:/project1/FPGA/src/05.minsec_stopwatch/05.minsec_stopwatch.srcs/sources_1/imports/sources_1/new/fnd_controllor.v:76]
INFO: [Synth 8-6157] synthesizing module 'fnd_display' [D:/project1/FPGA/src/05.minsec_stopwatch/05.minsec_stopwatch.srcs/sources_1/imports/sources_1/new/fnd_controllor.v:92]
INFO: [Synth 8-226] default block is never used [D:/project1/FPGA/src/05.minsec_stopwatch/05.minsec_stopwatch.srcs/sources_1/imports/sources_1/new/fnd_controllor.v:143]
INFO: [Synth 8-6155] done synthesizing module 'fnd_display' (6#1) [D:/project1/FPGA/src/05.minsec_stopwatch/05.minsec_stopwatch.srcs/sources_1/imports/sources_1/new/fnd_controllor.v:92]
INFO: [Synth 8-6155] done synthesizing module 'fnd_controllor' (7#1) [D:/project1/FPGA/src/05.minsec_stopwatch/05.minsec_stopwatch.srcs/sources_1/imports/sources_1/new/fnd_controllor.v:4]
INFO: [Synth 8-6155] done synthesizing module 'top' (8#1) [D:/project1/FPGA/src/05.minsec_stopwatch/05.minsec_stopwatch.srcs/sources_1/new/top.v:3]
---------------------------------------------------------------------------------
Finished RTL Elaboration : Time (s): cpu = 00:00:03 ; elapsed = 00:00:04 . Memory (MB): peak = 1282.996 ; gain = 0.000
---------------------------------------------------------------------------------
---------------------------------------------------------------------------------
Start Handling Custom Attributes
---------------------------------------------------------------------------------
---------------------------------------------------------------------------------
Finished Handling Custom Attributes : Time (s): cpu = 00:00:04 ; elapsed = 00:00:05 . Memory (MB): peak = 1282.996 ; gain = 0.000
---------------------------------------------------------------------------------
---------------------------------------------------------------------------------
Finished RTL Optimization Phase 1 : Time (s): cpu = 00:00:04 ; elapsed = 00:00:05 . Memory (MB): peak = 1282.996 ; gain = 0.000
---------------------------------------------------------------------------------
Netlist sorting complete. Time (s): cpu = 00:00:00 ; elapsed = 00:00:00.007 . Memory (MB): peak = 1282.996 ; gain = 0.000
INFO: [Project 1-570] Preparing netlist for logic optimization

Processing XDC Constraints
Initializing timing engine
Parsing XDC File [D:/project1/FPGA/src/05.minsec_stopwatch/05.minsec_stopwatch.srcs/constrs_1/imports/temp/Basys3-Master_orginal.xdc]
Finished Parsing XDC File [D:/project1/FPGA/src/05.minsec_stopwatch/05.minsec_stopwatch.srcs/constrs_1/imports/temp/Basys3-Master_orginal.xdc]
INFO: [Project 1-236] Implementation specific constraints were found while reading constraint file [D:/project1/FPGA/src/05.minsec_stopwatch/05.minsec_stopwatch.srcs/constrs_1/imports/temp/Basys3-Master_orginal.xdc]. These constraints will be ignored for synthesis but will be used in implementation. Impacted constraints are listed in the file [.Xil/top_propImpl.xdc].
Resolution: To avoid this warning, move constraints listed in [.Xil/top_propImpl.xdc] to another XDC file and exclude this new file from synthesis with the used_in_synthesis property (File Properties dialog in GUI) and re-run elaboration/synthesis.
Completed Processing XDC Constraints

Netlist sorting complete. Time (s): cpu = 00:00:00 ; elapsed = 00:00:00 . Memory (MB): peak = 1282.996 ; gain = 0.000
INFO: [Project 1-111] Unisim Transformation Summary:
No Unisim elements were transformed.

Constraint Validation Runtime : Time (s): cpu = 00:00:00 ; elapsed = 00:00:00.003 . Memory (MB): peak = 1282.996 ; gain = 0.000
---------------------------------------------------------------------------------
Finished Constraint Validation : Time (s): cpu = 00:00:08 ; elapsed = 00:00:10 . Memory (MB): peak = 1282.996 ; gain = 0.000
---------------------------------------------------------------------------------
---------------------------------------------------------------------------------
Start Loading Part and Timing Information
---------------------------------------------------------------------------------
Loading part: xc7a35tcpg236-1
---------------------------------------------------------------------------------
Finished Loading Part and Timing Information : Time (s): cpu = 00:00:08 ; elapsed = 00:00:10 . Memory (MB): peak = 1282.996 ; gain = 0.000
---------------------------------------------------------------------------------
---------------------------------------------------------------------------------
Start Applying 'set_property' XDC Constraints
---------------------------------------------------------------------------------
---------------------------------------------------------------------------------
Finished applying 'set_property' XDC Constraints : Time (s): cpu = 00:00:08 ; elapsed = 00:00:10 . Memory (MB): peak = 1282.996 ; gain = 0.000
---------------------------------------------------------------------------------
---------------------------------------------------------------------------------
Finished RTL Optimization Phase 2 : Time (s): cpu = 00:00:09 ; elapsed = 00:00:11 . Memory (MB): peak = 1282.996 ; gain = 0.000
---------------------------------------------------------------------------------
---------------------------------------------------------------------------------
Start RTL Component Statistics 
---------------------------------------------------------------------------------
Detailed RTL Component Info : 
+---Adders : 
	   2 Input   24 Bit       Adders := 1     
	   2 Input   20 Bit       Adders := 1     
	   2 Input   17 Bit       Adders := 4     
	   2 Input    7 Bit       Adders := 1     
	   2 Input    6 Bit       Adders := 2     
	   2 Input    5 Bit       Adders := 1     
	   2 Input    3 Bit       Adders := 1     
	   2 Input    2 Bit       Adders := 1     
+---Registers : 
	               24 Bit    Registers := 1     
	               20 Bit    Registers := 1     
	               17 Bit    Registers := 4     
	                7 Bit    Registers := 1     
	                6 Bit    Registers := 2     
	                5 Bit    Registers := 1     
	                3 Bit    Registers := 3     
	                2 Bit    Registers := 1     
	                1 Bit    Registers := 15    
+---Muxes : 
	   2 Input   24 Bit        Muxes := 2     
	   2 Input   20 Bit        Muxes := 1     
	   2 Input   17 Bit        Muxes := 7     
	   2 Input   14 Bit        Muxes := 1     
	   2 Input    7 Bit        Muxes := 2     
	  18 Input    7 Bit        Muxes := 1     
	   2 Input    6 Bit        Muxes := 4     
	   2 Input    5 Bit        Muxes := 1     
	   5 Input    4 Bit        Muxes := 1     
	   4 Input    4 Bit        Muxes := 1     
	   2 Input    3 Bit        Muxes := 2     
	   2 Input    2 Bit        Muxes := 1     
	   2 Input    1 Bit        Muxes := 13    
	   5 Input    1 Bit        Muxes := 1     
	   3 Input    1 Bit        Muxes := 1     
---------------------------------------------------------------------------------
Finished RTL Component Statistics 
---------------------------------------------------------------------------------
---------------------------------------------------------------------------------
Start Part Resource Summary
---------------------------------------------------------------------------------
Part Resources:
DSPs: 90 (col length:60)
BRAMs: 100 (col length: RAMB18 60 RAMB36 30)
---------------------------------------------------------------------------------
Finished Part Resource Summary
---------------------------------------------------------------------------------
---------------------------------------------------------------------------------
Start Cross Boundary and Area Optimization
---------------------------------------------------------------------------------
CRITICAL WARNING: [Synth 8-6859] multi-driven net on pin animation_active with 1st driver pin 'u_btn_command_controller/__3/animation_active'
CRITICAL WARNING: [Synth 8-6859] multi-driven net on pin animation_active with 2nd driver pin 'GND'
CRITICAL WARNING: [Synth 8-6858] multi-driven net animation_active is connected to at least one constant driver which has been preserved, other driver is ignored
---------------------------------------------------------------------------------
Finished Cross Boundary and Area Optimization : Time (s): cpu = 00:00:16 ; elapsed = 00:00:19 . Memory (MB): peak = 1282.996 ; gain = 0.000
---------------------------------------------------------------------------------
---------------------------------------------------------------------------------
Start Applying XDC Timing Constraints
---------------------------------------------------------------------------------
---------------------------------------------------------------------------------
Finished Applying XDC Timing Constraints : Time (s): cpu = 00:00:20 ; elapsed = 00:00:24 . Memory (MB): peak = 1282.996 ; gain = 0.000
---------------------------------------------------------------------------------
---------------------------------------------------------------------------------
Start Timing Optimization
---------------------------------------------------------------------------------
---------------------------------------------------------------------------------
Finished Timing Optimization : Time (s): cpu = 00:00:28 ; elapsed = 00:00:33 . Memory (MB): peak = 1374.648 ; gain = 91.652
---------------------------------------------------------------------------------
---------------------------------------------------------------------------------
Start Technology Mapping
---------------------------------------------------------------------------------
---------------------------------------------------------------------------------
Finished Technology Mapping : Time (s): cpu = 00:00:28 ; elapsed = 00:00:33 . Memory (MB): peak = 1375.715 ; gain = 92.719
---------------------------------------------------------------------------------
---------------------------------------------------------------------------------
Start IO Insertion
---------------------------------------------------------------------------------
---------------------------------------------------------------------------------
Start Flattening Before IO Insertion
---------------------------------------------------------------------------------
---------------------------------------------------------------------------------
Finished Flattening Before IO Insertion
---------------------------------------------------------------------------------
---------------------------------------------------------------------------------
Start Final Netlist Cleanup
---------------------------------------------------------------------------------
---------------------------------------------------------------------------------
Finished Final Netlist Cleanup
---------------------------------------------------------------------------------
---------------------------------------------------------------------------------
Finished IO Insertion : Time (s): cpu = 00:00:31 ; elapsed = 00:00:36 . Memory (MB): peak = 1375.715 ; gain = 92.719
---------------------------------------------------------------------------------
---------------------------------------------------------------------------------
Start Renaming Generated Instances
---------------------------------------------------------------------------------
---------------------------------------------------------------------------------
Finished Renaming Generated Instances : Time (s): cpu = 00:00:31 ; elapsed = 00:00:36 . Memory (MB): peak = 1375.715 ; gain = 92.719
---------------------------------------------------------------------------------
---------------------------------------------------------------------------------
Start Rebuilding User Hierarchy
---------------------------------------------------------------------------------
---------------------------------------------------------------------------------
Finished Rebuilding User Hierarchy : Time (s): cpu = 00:00:31 ; elapsed = 00:00:36 . Memory (MB): peak = 1375.715 ; gain = 92.719
---------------------------------------------------------------------------------
---------------------------------------------------------------------------------
Start Renaming Generated Ports
---------------------------------------------------------------------------------
---------------------------------------------------------------------------------
Finished Renaming Generated Ports : Time (s): cpu = 00:00:31 ; elapsed = 00:00:36 . Memory (MB): peak = 1375.715 ; gain = 92.719
---------------------------------------------------------------------------------
---------------------------------------------------------------------------------
Start Handling Custom Attributes
---------------------------------------------------------------------------------
---------------------------------------------------------------------------------
Finished Handling Custom Attributes : Time (s): cpu = 00:00:31 ; elapsed = 00:00:36 . Memory (MB): peak = 1375.715 ; gain = 92.719
---------------------------------------------------------------------------------
---------------------------------------------------------------------------------
Start Renaming Generated Nets
---------------------------------------------------------------------------------
---------------------------------------------------------------------------------
Finished Renaming Generated Nets : Time (s): cpu = 00:00:31 ; elapsed = 00:00:36 . Memory (MB): peak = 1375.715 ; gain = 92.719
---------------------------------------------------------------------------------
---------------------------------------------------------------------------------
Start Writing Synthesis Report
---------------------------------------------------------------------------------

Report BlackBoxes: 
+-+--------------+----------+
| |BlackBox name |Instances |
+-+--------------+----------+
+-+--------------+----------+

Report Cell Usage: 
+------+-------+------+
|      |Cell   |Count |
+------+-------+------+
|1     |BUFG   |     1|
|2     |CARRY4 |    50|
|3     |LUT1   |     2|
|4     |LUT2   |    68|
|5     |LUT3   |    62|
|6     |LUT4   |   100|
|7     |LUT5   |    36|
|8     |LUT6   |   150|
|9     |FDCE   |   132|
|10    |FDRE   |     6|
|11    |IBUF   |     5|
|12    |OBUF   |    27|
+------+-------+------+
---------------------------------------------------------------------------------
Finished Writing Synthesis Report : Time (s): cpu = 00:00:31 ; elapsed = 00:00:36 . Memory (MB): peak = 1375.715 ; gain = 92.719
---------------------------------------------------------------------------------
Synthesis finished with 0 errors, 3 critical warnings and 0 warnings.
Synthesis Optimization Runtime : Time (s): cpu = 00:00:26 ; elapsed = 00:00:34 . Memory (MB): peak = 1375.715 ; gain = 92.719
Synthesis Optimization Complete : Time (s): cpu = 00:00:31 ; elapsed = 00:00:36 . Memory (MB): peak = 1375.715 ; gain = 92.719
INFO: [Project 1-571] Translating synthesized netlist
Netlist sorting complete. Time (s): cpu = 00:00:00 ; elapsed = 00:00:00.014 . Memory (MB): peak = 1387.559 ; gain = 0.000
INFO: [Netlist 29-17] Analyzing 50 Unisim elements for replacement
INFO: [Netlist 29-28] Unisim Transformation completed in 0 CPU seconds
INFO: [Project 1-570] Preparing netlist for logic optimization
INFO: [Opt 31-138] Pushed 0 inverter(s) to 0 load pin(s).
Netlist sorting complete. Time (s): cpu = 00:00:00 ; elapsed = 00:00:00.001 . Memory (MB): peak = 1391.230 ; gain = 0.000
INFO: [Project 1-111] Unisim Transformation Summary:
No Unisim elements were transformed.

Synth Design complete, checksum: f4c7f98c
INFO: [Common 17-83] Releasing license: Synthesis
32 Infos, 0 Warnings, 3 Critical Warnings and 0 Errors encountered.
synth_design completed successfully
synth_design: Time (s): cpu = 00:00:34 ; elapsed = 00:00:40 . Memory (MB): peak = 1391.230 ; gain = 108.234
INFO: [runtcl-6] Synthesis results are not added to the cache due to CRITICAL_WARNING
INFO: [Common 17-1381] The checkpoint 'D:/project1/FPGA/src/05.minsec_stopwatch/05.minsec_stopwatch.runs/synth_1/top.dcp' has been generated.
INFO: [runtcl-4] Executing : report_utilization -file top_utilization_synth.rpt -pb top_utilization_synth.pb
INFO: [Common 17-206] Exiting Vivado at Fri Jul  4 09:00:20 2025...
