INFO: [VRFC 10-2263] Analyzing Verilog file "D:/project1/FPGA/src/13.microwave/13.microwave.srcs/sources_1/new/beep_generator.v" into library xil_defaultlib
INFO: [VRFC 10-311] analyzing module beep_generator
INFO: [VRFC 10-2263] Analyzing Verilog file "D:/project1/FPGA/src/13.microwave/13.microwave.srcs/sources_1/new/button_debounce.v" into library xil_defaultlib
INFO: [VRFC 10-311] analyzing module button_debounce
INFO: [VRFC 10-2263] Analyzing Verilog file "D:/project1/FPGA/src/13.microwave/13.microwave.srcs/sources_1/new/buzzer_driver.v" into library xil_defaultlib
INFO: [VRFC 10-311] analyzing module buzzer_driver
INFO: [VRFC 10-2263] Analyzing Verilog file "D:/project1/FPGA/src/13.microwave/13.microwave.srcs/sources_1/new/done_timer.v" into library xil_defaultlib
INFO: [VRFC 10-311] analyzing module done_timer
INFO: [VRFC 10-2263] Analyzing Verilog file "D:/project1/FPGA/src/13.microwave/13.microwave.srcs/sources_1/new/fnd_controller.v" into library xil_defaultlib
INFO: [VRFC 10-311] analyzing module fnd_controller
INFO: [VRFC 10-311] analyzing module fnd_digit_select
INFO: [VRFC 10-311] analyzing module fnd_display
INFO: [VRFC 10-2263] Analyzing Verilog file "D:/project1/FPGA/src/13.microwave/13.microwave.srcs/sources_1/new/fsm_micro.v" into library xil_defaultlib
INFO: [VRFC 10-311] analyzing module fsm_micro
INFO: [VRFC 10-2263] Analyzing Verilog file "D:/project1/FPGA/src/13.microwave/13.microwave.srcs/sources_1/new/servo_cotroller.v" into library xil_defaultlib
INFO: [VRFC 10-311] analyzing module pwm_generator
INFO: [VRFC 10-2263] Analyzing Verilog file "D:/project1/FPGA/src/13.microwave/13.microwave.srcs/sources_1/new/timer_counter.v" into library xil_defaultlib
INFO: [VRFC 10-311] analyzing module timer_counter
INFO: [VRFC 10-2263] Analyzing Verilog file "D:/project1/FPGA/src/13.microwave/13.microwave.srcs/sources_1/new/top_micro.v" into library xil_defaultlib
INFO: [VRFC 10-311] analyzing module top_micro
INFO: [VRFC 10-2263] Analyzing Verilog file "D:/project1/FPGA/src/13.microwave/13.microwave.srcs/sim_1/new/tb_microwave.v" into library xil_defaultlib
INFO: [VRFC 10-311] analyzing module top_micro_tb
