
*** Running vivado
    with args -log top.vds -m64 -product Vivado -mode batch -messageDb vivado.pb -notrace -source top.tcl



****** Vivado v2021.1 (64-bit)
  **** SW Build 3247384 on Thu Jun 10 19:36:33 MDT 2021
  **** IP Build 3246043 on Fri Jun 11 00:30:35 MDT 2021
    ** Copyright 1986-2021 Xilinx, Inc. All Rights Reserved.

source top.tcl -notrace
Command: synth_design -top top -part xc7a35tcpg236-1
Starting synth_design
Attempting to get a license for feature 'Synthesis' and/or device 'xc7a35t'
INFO: [Common 17-349] Got license for feature 'Synthesis' and/or device 'xc7a35t'
INFO: [Device 21-403] Loading part xc7a35tcpg236-1
INFO: [Synth 8-7079] Multithreading enabled for synth_design using a maximum of 2 processes.
INFO: [Synth 8-7078] Launching helper process for spawning children vivado processes
INFO: [Synth 8-7075] Helper process launched with PID 5256
---------------------------------------------------------------------------------
Starting RTL Elaboration : Time (s): cpu = 00:00:03 ; elapsed = 00:00:04 . Memory (MB): peak = 1281.680 ; gain = 0.000
---------------------------------------------------------------------------------
INFO: [Synth 8-6157] synthesizing module 'top' [D:/project1/FPGA/src/04.fnd_control/04.fnd_control.srcs/sources_1/imports/new/top.v:4]
INFO: [Synth 8-6157] synthesizing module 'button_debounce' [D:/project1/FPGA/src/04.fnd_control/04.fnd_control.srcs/sources_1/imports/new/button_debounce.v:3]
INFO: [Synth 8-6157] synthesizing module 'clock_8Hz' [D:/project1/FPGA/src/04.fnd_control/04.fnd_control.srcs/sources_1/imports/new/clock_8Hz.v:3]
INFO: [Synth 8-6155] done synthesizing module 'clock_8Hz' (1#1) [D:/project1/FPGA/src/04.fnd_control/04.fnd_control.srcs/sources_1/imports/new/clock_8Hz.v:3]
INFO: [Synth 8-6157] synthesizing module 'D_FF' [D:/project1/FPGA/src/04.fnd_control/04.fnd_control.srcs/sources_1/imports/new/D_FF.v:3]
INFO: [Synth 8-6155] done synthesizing module 'D_FF' (2#1) [D:/project1/FPGA/src/04.fnd_control/04.fnd_control.srcs/sources_1/imports/new/D_FF.v:3]
WARNING: [Synth 8-7071] port 'Qbar' of module 'D_FF' is unconnected for instance 'u1_D_FF' [D:/project1/FPGA/src/04.fnd_control/04.fnd_control.srcs/sources_1/imports/new/button_debounce.v:19]
WARNING: [Synth 8-7023] instance 'u1_D_FF' of module 'D_FF' has 5 connections declared, but only 4 given [D:/project1/FPGA/src/04.fnd_control/04.fnd_control.srcs/sources_1/imports/new/button_debounce.v:19]
WARNING: [Synth 8-7071] port 'Qbar' of module 'D_FF' is unconnected for instance 'u2_D_FF' [D:/project1/FPGA/src/04.fnd_control/04.fnd_control.srcs/sources_1/imports/new/button_debounce.v:26]
WARNING: [Synth 8-7023] instance 'u2_D_FF' of module 'D_FF' has 5 connections declared, but only 4 given [D:/project1/FPGA/src/04.fnd_control/04.fnd_control.srcs/sources_1/imports/new/button_debounce.v:26]
INFO: [Synth 8-6155] done synthesizing module 'button_debounce' (3#1) [D:/project1/FPGA/src/04.fnd_control/04.fnd_control.srcs/sources_1/imports/new/button_debounce.v:3]
INFO: [Synth 8-6157] synthesizing module 'tick_generator' [D:/project1/FPGA/src/04.fnd_control/04.fnd_control.srcs/sources_1/imports/new/tick_generator.v:4]
INFO: [Synth 8-6155] done synthesizing module 'tick_generator' (4#1) [D:/project1/FPGA/src/04.fnd_control/04.fnd_control.srcs/sources_1/imports/new/tick_generator.v:4]
INFO: [Synth 8-6157] synthesizing module 'fnd_controllor' [D:/project1/FPGA/src/04.fnd_control/04.fnd_control.srcs/sources_1/new/fnd_controllor.v:4]
INFO: [Synth 8-6157] synthesizing module 'fnd_digit_select' [D:/project1/FPGA/src/04.fnd_control/04.fnd_control.srcs/sources_1/new/fnd_controllor.v:44]
INFO: [Synth 8-6155] done synthesizing module 'fnd_digit_select' (5#1) [D:/project1/FPGA/src/04.fnd_control/04.fnd_control.srcs/sources_1/new/fnd_controllor.v:44]
INFO: [Synth 8-6157] synthesizing module 'bin2bcd' [D:/project1/FPGA/src/04.fnd_control/04.fnd_control.srcs/sources_1/new/fnd_controllor.v:75]
INFO: [Synth 8-6155] done synthesizing module 'bin2bcd' (6#1) [D:/project1/FPGA/src/04.fnd_control/04.fnd_control.srcs/sources_1/new/fnd_controllor.v:75]
INFO: [Synth 8-6157] synthesizing module 'fnd_display' [D:/project1/FPGA/src/04.fnd_control/04.fnd_control.srcs/sources_1/new/fnd_controllor.v:91]
INFO: [Synth 8-226] default block is never used [D:/project1/FPGA/src/04.fnd_control/04.fnd_control.srcs/sources_1/new/fnd_controllor.v:103]
WARNING: [Synth 8-567] referenced signal 'd1' should be on the sensitivity list [D:/project1/FPGA/src/04.fnd_control/04.fnd_control.srcs/sources_1/new/fnd_controllor.v:102]
WARNING: [Synth 8-567] referenced signal 'd10' should be on the sensitivity list [D:/project1/FPGA/src/04.fnd_control/04.fnd_control.srcs/sources_1/new/fnd_controllor.v:102]
WARNING: [Synth 8-567] referenced signal 'd100' should be on the sensitivity list [D:/project1/FPGA/src/04.fnd_control/04.fnd_control.srcs/sources_1/new/fnd_controllor.v:102]
WARNING: [Synth 8-567] referenced signal 'd1000' should be on the sensitivity list [D:/project1/FPGA/src/04.fnd_control/04.fnd_control.srcs/sources_1/new/fnd_controllor.v:102]
INFO: [Synth 8-6155] done synthesizing module 'fnd_display' (7#1) [D:/project1/FPGA/src/04.fnd_control/04.fnd_control.srcs/sources_1/new/fnd_controllor.v:91]
INFO: [Synth 8-6155] done synthesizing module 'fnd_controllor' (8#1) [D:/project1/FPGA/src/04.fnd_control/04.fnd_control.srcs/sources_1/new/fnd_controllor.v:4]
WARNING: [Synth 8-689] width (7) of port connection 'seg_data' does not match port width (8) of module 'fnd_controllor' [D:/project1/FPGA/src/04.fnd_control/04.fnd_control.srcs/sources_1/imports/new/top.v:53]
INFO: [Synth 8-6155] done synthesizing module 'top' (9#1) [D:/project1/FPGA/src/04.fnd_control/04.fnd_control.srcs/sources_1/imports/new/top.v:4]
---------------------------------------------------------------------------------
Finished RTL Elaboration : Time (s): cpu = 00:00:04 ; elapsed = 00:00:04 . Memory (MB): peak = 1281.680 ; gain = 0.000
---------------------------------------------------------------------------------
---------------------------------------------------------------------------------
Start Handling Custom Attributes
---------------------------------------------------------------------------------
---------------------------------------------------------------------------------
Finished Handling Custom Attributes : Time (s): cpu = 00:00:04 ; elapsed = 00:00:05 . Memory (MB): peak = 1281.680 ; gain = 0.000
---------------------------------------------------------------------------------
---------------------------------------------------------------------------------
Finished RTL Optimization Phase 1 : Time (s): cpu = 00:00:04 ; elapsed = 00:00:05 . Memory (MB): peak = 1281.680 ; gain = 0.000
---------------------------------------------------------------------------------
Netlist sorting complete. Time (s): cpu = 00:00:00 ; elapsed = 00:00:00.002 . Memory (MB): peak = 1281.680 ; gain = 0.000
INFO: [Project 1-570] Preparing netlist for logic optimization

Processing XDC Constraints
Initializing timing engine
Parsing XDC File [D:/project1/FPGA/src/04.fnd_control/04.fnd_control.srcs/constrs_1/imports/temp/Basys3-Master_orginal.xdc]
WARNING: [Vivado 12-584] No ports matched 'dp'. [D:/project1/FPGA/src/04.fnd_control/04.fnd_control.srcs/constrs_1/imports/temp/Basys3-Master_orginal.xdc:58]
CRITICAL WARNING: [Common 17-55] 'set_property' expects at least one object. [D:/project1/FPGA/src/04.fnd_control/04.fnd_control.srcs/constrs_1/imports/temp/Basys3-Master_orginal.xdc:58]
Resolution: If [get_<value>] was used to populate the object, check to make sure this command returns at least one valid object.
Finished Parsing XDC File [D:/project1/FPGA/src/04.fnd_control/04.fnd_control.srcs/constrs_1/imports/temp/Basys3-Master_orginal.xdc]
INFO: [Project 1-236] Implementation specific constraints were found while reading constraint file [D:/project1/FPGA/src/04.fnd_control/04.fnd_control.srcs/constrs_1/imports/temp/Basys3-Master_orginal.xdc]. These constraints will be ignored for synthesis but will be used in implementation. Impacted constraints are listed in the file [.Xil/top_propImpl.xdc].
Resolution: To avoid this warning, move constraints listed in [.Xil/top_propImpl.xdc] to another XDC file and exclude this new file from synthesis with the used_in_synthesis property (File Properties dialog in GUI) and re-run elaboration/synthesis.
Completed Processing XDC Constraints

Netlist sorting complete. Time (s): cpu = 00:00:00 ; elapsed = 00:00:00 . Memory (MB): peak = 1281.680 ; gain = 0.000
INFO: [Project 1-111] Unisim Transformation Summary:
No Unisim elements were transformed.

Constraint Validation Runtime : Time (s): cpu = 00:00:00 ; elapsed = 00:00:00.002 . Memory (MB): peak = 1281.680 ; gain = 0.000
---------------------------------------------------------------------------------
Finished Constraint Validation : Time (s): cpu = 00:00:09 ; elapsed = 00:00:10 . Memory (MB): peak = 1281.680 ; gain = 0.000
---------------------------------------------------------------------------------
---------------------------------------------------------------------------------
Start Loading Part and Timing Information
---------------------------------------------------------------------------------
Loading part: xc7a35tcpg236-1
---------------------------------------------------------------------------------
Finished Loading Part and Timing Information : Time (s): cpu = 00:00:09 ; elapsed = 00:00:10 . Memory (MB): peak = 1281.680 ; gain = 0.000
---------------------------------------------------------------------------------
---------------------------------------------------------------------------------
Start Applying 'set_property' XDC Constraints
---------------------------------------------------------------------------------
---------------------------------------------------------------------------------
Finished applying 'set_property' XDC Constraints : Time (s): cpu = 00:00:09 ; elapsed = 00:00:10 . Memory (MB): peak = 1281.680 ; gain = 0.000
---------------------------------------------------------------------------------
---------------------------------------------------------------------------------
Finished RTL Optimization Phase 2 : Time (s): cpu = 00:00:10 ; elapsed = 00:00:11 . Memory (MB): peak = 1281.680 ; gain = 0.000
---------------------------------------------------------------------------------
---------------------------------------------------------------------------------
Start RTL Component Statistics 
---------------------------------------------------------------------------------
Detailed RTL Component Info : 
+---Adders : 
	   2 Input   17 Bit       Adders := 2     
	   2 Input    9 Bit       Adders := 1     
	   2 Input    2 Bit       Adders := 1     
+---Registers : 
	               17 Bit    Registers := 2     
	                9 Bit    Registers := 1     
	                2 Bit    Registers := 2     
	                1 Bit    Registers := 9     
+---Muxes : 
	   2 Input   17 Bit        Muxes := 2     
	   2 Input    9 Bit        Muxes := 1     
	   4 Input    4 Bit        Muxes := 2     
	   2 Input    1 Bit        Muxes := 3     
---------------------------------------------------------------------------------
Finished RTL Component Statistics 
---------------------------------------------------------------------------------
---------------------------------------------------------------------------------
Start Part Resource Summary
---------------------------------------------------------------------------------
Part Resources:
DSPs: 90 (col length:60)
BRAMs: 100 (col length: RAMB18 60 RAMB36 30)
---------------------------------------------------------------------------------
Finished Part Resource Summary
---------------------------------------------------------------------------------
---------------------------------------------------------------------------------
Start Cross Boundary and Area Optimization
---------------------------------------------------------------------------------
---------------------------------------------------------------------------------
Finished Cross Boundary and Area Optimization : Time (s): cpu = 00:00:11 ; elapsed = 00:00:12 . Memory (MB): peak = 1281.680 ; gain = 0.000
---------------------------------------------------------------------------------
---------------------------------------------------------------------------------
Start Applying XDC Timing Constraints
---------------------------------------------------------------------------------
---------------------------------------------------------------------------------
Finished Applying XDC Timing Constraints : Time (s): cpu = 00:00:15 ; elapsed = 00:00:17 . Memory (MB): peak = 1281.680 ; gain = 0.000
---------------------------------------------------------------------------------
---------------------------------------------------------------------------------
Start Timing Optimization
---------------------------------------------------------------------------------
---------------------------------------------------------------------------------
Finished Timing Optimization : Time (s): cpu = 00:00:16 ; elapsed = 00:00:17 . Memory (MB): peak = 1281.680 ; gain = 0.000
---------------------------------------------------------------------------------
---------------------------------------------------------------------------------
Start Technology Mapping
---------------------------------------------------------------------------------
---------------------------------------------------------------------------------
Finished Technology Mapping : Time (s): cpu = 00:00:16 ; elapsed = 00:00:18 . Memory (MB): peak = 1281.680 ; gain = 0.000
---------------------------------------------------------------------------------
---------------------------------------------------------------------------------
Start IO Insertion
---------------------------------------------------------------------------------
---------------------------------------------------------------------------------
Start Flattening Before IO Insertion
---------------------------------------------------------------------------------
---------------------------------------------------------------------------------
Finished Flattening Before IO Insertion
---------------------------------------------------------------------------------
---------------------------------------------------------------------------------
Start Final Netlist Cleanup
---------------------------------------------------------------------------------
---------------------------------------------------------------------------------
Finished Final Netlist Cleanup
---------------------------------------------------------------------------------
---------------------------------------------------------------------------------
Finished IO Insertion : Time (s): cpu = 00:00:18 ; elapsed = 00:00:20 . Memory (MB): peak = 1281.680 ; gain = 0.000
---------------------------------------------------------------------------------
---------------------------------------------------------------------------------
Start Renaming Generated Instances
---------------------------------------------------------------------------------
---------------------------------------------------------------------------------
Finished Renaming Generated Instances : Time (s): cpu = 00:00:18 ; elapsed = 00:00:20 . Memory (MB): peak = 1281.680 ; gain = 0.000
---------------------------------------------------------------------------------
---------------------------------------------------------------------------------
Start Rebuilding User Hierarchy
---------------------------------------------------------------------------------
---------------------------------------------------------------------------------
Finished Rebuilding User Hierarchy : Time (s): cpu = 00:00:18 ; elapsed = 00:00:20 . Memory (MB): peak = 1281.680 ; gain = 0.000
---------------------------------------------------------------------------------
---------------------------------------------------------------------------------
Start Renaming Generated Ports
---------------------------------------------------------------------------------
---------------------------------------------------------------------------------
Finished Renaming Generated Ports : Time (s): cpu = 00:00:18 ; elapsed = 00:00:20 . Memory (MB): peak = 1281.680 ; gain = 0.000
---------------------------------------------------------------------------------
---------------------------------------------------------------------------------
Start Handling Custom Attributes
---------------------------------------------------------------------------------
---------------------------------------------------------------------------------
Finished Handling Custom Attributes : Time (s): cpu = 00:00:18 ; elapsed = 00:00:20 . Memory (MB): peak = 1281.680 ; gain = 0.000
---------------------------------------------------------------------------------
---------------------------------------------------------------------------------
Start Renaming Generated Nets
---------------------------------------------------------------------------------
---------------------------------------------------------------------------------
Finished Renaming Generated Nets : Time (s): cpu = 00:00:18 ; elapsed = 00:00:20 . Memory (MB): peak = 1281.680 ; gain = 0.000
---------------------------------------------------------------------------------
---------------------------------------------------------------------------------
Start Writing Synthesis Report
---------------------------------------------------------------------------------

Report BlackBoxes: 
+-+--------------+----------+
| |BlackBox name |Instances |
+-+--------------+----------+
+-+--------------+----------+

Report Cell Usage: 
+------+-------+------+
|      |Cell   |Count |
+------+-------+------+
|1     |BUFG   |     1|
|2     |CARRY4 |     8|
|3     |LUT1   |     3|
|4     |LUT2   |    24|
|5     |LUT3   |     3|
|6     |LUT4   |    13|
|7     |LUT5   |    21|
|8     |LUT6   |     6|
|9     |FDCE   |    48|
|10    |FDRE   |     2|
|11    |IBUF   |     2|
|12    |OBUF   |    13|
|13    |OBUFT  |    14|
+------+-------+------+
---------------------------------------------------------------------------------
Finished Writing Synthesis Report : Time (s): cpu = 00:00:18 ; elapsed = 00:00:20 . Memory (MB): peak = 1281.680 ; gain = 0.000
---------------------------------------------------------------------------------
Synthesis finished with 0 errors, 0 critical warnings and 0 warnings.
Synthesis Optimization Runtime : Time (s): cpu = 00:00:12 ; elapsed = 00:00:19 . Memory (MB): peak = 1281.680 ; gain = 0.000
Synthesis Optimization Complete : Time (s): cpu = 00:00:18 ; elapsed = 00:00:21 . Memory (MB): peak = 1281.680 ; gain = 0.000
INFO: [Project 1-571] Translating synthesized netlist
Netlist sorting complete. Time (s): cpu = 00:00:00 ; elapsed = 00:00:00.001 . Memory (MB): peak = 1281.680 ; gain = 0.000
INFO: [Netlist 29-17] Analyzing 8 Unisim elements for replacement
INFO: [Netlist 29-28] Unisim Transformation completed in 0 CPU seconds
INFO: [Project 1-570] Preparing netlist for logic optimization
INFO: [Opt 31-138] Pushed 0 inverter(s) to 0 load pin(s).
Netlist sorting complete. Time (s): cpu = 00:00:00 ; elapsed = 00:00:00.001 . Memory (MB): peak = 1281.680 ; gain = 0.000
INFO: [Project 1-111] Unisim Transformation Summary:
No Unisim elements were transformed.

Synth Design complete, checksum: 71d4722b
INFO: [Common 17-83] Releasing license: Synthesis
34 Infos, 10 Warnings, 1 Critical Warnings and 0 Errors encountered.
synth_design completed successfully
synth_design: Time (s): cpu = 00:00:21 ; elapsed = 00:00:24 . Memory (MB): peak = 1281.680 ; gain = 0.000
INFO: [runtcl-6] Synthesis results are not added to the cache due to CRITICAL_WARNING
INFO: [Common 17-1381] The checkpoint 'D:/project1/FPGA/src/04.fnd_control/04.fnd_control.runs/synth_1/top.dcp' has been generated.
INFO: [runtcl-4] Executing : report_utilization -file top_utilization_synth.rpt -pb top_utilization_synth.pb
INFO: [Common 17-206] Exiting Vivado at Thu Jul  3 12:48:00 2025...
